INFO main org.open.pagehealth.LinkChecker - Scanning page: http://www.ebay.com/
INFO main org.open.pagehealth.LinkChecker - Links: 236
INFO main org.open.pagehealth.LinkChecker - Page scan took 1169 ms
INFO Monitor org.open.pagehealth.TasksMonitorThread - [monitor] [0/10] Active: 0, Completed: 0, Task: 0, isShutdown: false, isTerminated: false
INFO main org.open.pagehealth.LinkChecker - Going to sleep until all tasks are complete
INFO Monitor org.open.pagehealth.TasksMonitorThread - [monitor] [10/10] Active: 10, Completed: 62, Task: 236, isShutdown: false, isTerminated: false
INFO Monitor org.open.pagehealth.TasksMonitorThread - [monitor] [10/10] Active: 10, Completed: 131, Task: 236, isShutdown: false, isTerminated: false
INFO Monitor org.open.pagehealth.TasksMonitorThread - [monitor] [10/10] Active: 10, Completed: 182, Task: 236, isShutdown: false, isTerminated: false
WARN pool-1-thread-1 org.apache.http.client.protocol.ResponseProcessCookies - Cookie rejected: "[version: 0][name: clasic][value: deleted][domain: http://anuncios.ebay.es][path: /][expiry: Wed May 19 16:01:15 PDT 2010]". Illegal domain attribute "http://anuncios.ebay.es". Domain of origin: "www.ebayanuncios.es"
INFO Monitor org.open.pagehealth.TasksMonitorThread - [monitor] [10/10] Active: 6, Completed: 230, Task: 236, isShutdown: false, isTerminated: false
INFO Monitor org.open.pagehealth.TasksMonitorThread - [monitor] [6/10] Active: 4, Completed: 232, Task: 236, isShutdown: false, isTerminated: false
INFO Monitor org.open.pagehealth.TasksMonitorThread - [monitor] [4/10] Active: 3, Completed: 233, Task: 236, isShutdown: false, isTerminated: false
INFO Monitor org.open.pagehealth.TasksMonitorThread - [monitor] [3/10] Active: 3, Completed: 233, Task: 236, isShutdown: false, isTerminated: false
INFO Monitor org.open.pagehealth.TasksMonitorThread - [monitor] [3/10] Active: 0, Completed: 236, Task: 236, isShutdown: false, isTerminated: false
INFO Monitor org.open.pagehealth.TasksMonitorThread - Call it done
INFO main org.open.pagehealth.LinkChecker - Got notified
INFO main org.open.pagehealth.LinkChecker - Stopped the pool: java.util.concurrent.ThreadPoolExecutor@28c5ea2
ERROR main org.open.pagehealth.LinkChecker - Broken pageLink: org.open.pagehealth.PageLink{_link='http://www.ebay.com/#mainContent', _caption='Skip to main content', _isGood=false, _responseStatus='HTTP/1.1 404 Not Found', _isVerified=true, _contentType='null', _contentLenght=0}
ERROR main org.open.pagehealth.LinkChecker - Broken pageLink: org.open.pagehealth.PageLink{_link='', _caption='Hide eBay suggestions', _isGood=false, _responseStatus='Empty Link', _isVerified=true, _contentType='null', _contentLenght=0}
ERROR main org.open.pagehealth.LinkChecker - Broken pageLink: org.open.pagehealth.PageLink{_link='', _caption='Start of layer', _isGood=false, _responseStatus='Empty Link', _isVerified=true, _contentType='null', _contentLenght=0}
ERROR main org.open.pagehealth.LinkChecker - Broken pageLink: org.open.pagehealth.PageLink{_link='', _caption='Click to close', _isGood=false, _responseStatus='Empty Link', _isVerified=true, _contentType='null', _contentLenght=0}
ERROR main org.open.pagehealth.LinkChecker - Broken pageLink: org.open.pagehealth.PageLink{_link='', _caption='End of layer', _isGood=false, _responseStatus='Empty Link', _isVerified=true, _contentType='null', _contentLenght=0}
INFO main org.open.pagehealth.LinkChecker - Result: 231/236, health: 97.881355%
INFO main org.open.pagehealth.LinkChecker - Total time 25192 ms
INFO main org.open.pagehealth.LinkChecker - Scanning page: http://www.ebay.com/
INFO main org.open.pagehealth.LinkChecker - Links: 236
INFO main org.open.pagehealth.LinkChecker - Page scan took 858 ms
INFO Monitor org.open.pagehealth.TasksMonitorThread - [monitor] [0/10] Active: 0, Completed: 0, Task: 0, isShutdown: false, isTerminated: false
INFO main org.open.pagehealth.LinkChecker - Going to sleep until all tasks are complete
INFO Monitor org.open.pagehealth.TasksMonitorThread - [monitor] [10/10] Active: 10, Completed: 54, Task: 236, isShutdown: false, isTerminated: false
INFO Monitor org.open.pagehealth.TasksMonitorThread - [monitor] [10/10] Active: 10, Completed: 120, Task: 236, isShutdown: false, isTerminated: false
INFO Monitor org.open.pagehealth.TasksMonitorThread - [monitor] [10/10] Active: 10, Completed: 176, Task: 236, isShutdown: false, isTerminated: false
WARN pool-1-thread-9 org.apache.http.client.protocol.ResponseProcessCookies - Cookie rejected: "[version: 0][name: clasic][value: deleted][domain: http://anuncios.ebay.es][path: /][expiry: Wed May 19 16:24:36 PDT 2010]". Illegal domain attribute "http://anuncios.ebay.es". Domain of origin: "www.ebayanuncios.es"
INFO Monitor org.open.pagehealth.TasksMonitorThread - [monitor] [10/10] Active: 3, Completed: 233, Task: 236, isShutdown: false, isTerminated: false
INFO Monitor org.open.pagehealth.TasksMonitorThread - [monitor] [3/10] Active: 2, Completed: 234, Task: 236, isShutdown: false, isTerminated: false
INFO Monitor org.open.pagehealth.TasksMonitorThread - [monitor] [2/10] Active: 2, Completed: 234, Task: 236, isShutdown: false, isTerminated: false
INFO Monitor org.open.pagehealth.TasksMonitorThread - [monitor] [2/10] Active: 2, Completed: 234, Task: 236, isShutdown: false, isTerminated: false
INFO Monitor org.open.pagehealth.TasksMonitorThread - [monitor] [2/10] Active: 1, Completed: 235, Task: 236, isShutdown: false, isTerminated: false
INFO Monitor org.open.pagehealth.TasksMonitorThread - [monitor] [1/10] Active: 1, Completed: 235, Task: 236, isShutdown: false, isTerminated: false
INFO Monitor org.open.pagehealth.TasksMonitorThread - [monitor] [1/10] Active: 1, Completed: 235, Task: 236, isShutdown: false, isTerminated: false
INFO Monitor org.open.pagehealth.TasksMonitorThread - [monitor] [1/10] Active: 1, Completed: 235, Task: 236, isShutdown: false, isTerminated: false
INFO Monitor org.open.pagehealth.TasksMonitorThread - [monitor] [1/10] Active: 1, Completed: 235, Task: 236, isShutdown: false, isTerminated: false
INFO Monitor org.open.pagehealth.TasksMonitorThread - [monitor] [1/10] Active: 1, Completed: 235, Task: 236, isShutdown: false, isTerminated: false
INFO Monitor org.open.pagehealth.TasksMonitorThread - [monitor] [1/10] Active: 1, Completed: 235, Task: 236, isShutdown: false, isTerminated: false
INFO Monitor org.open.pagehealth.TasksMonitorThread - [monitor] [1/10] Active: 1, Completed: 235, Task: 236, isShutdown: false, isTerminated: false
INFO Monitor org.open.pagehealth.TasksMonitorThread - [monitor] [1/10] Active: 1, Completed: 235, Task: 236, isShutdown: false, isTerminated: false
INFO Monitor org.open.pagehealth.TasksMonitorThread - [monitor] [1/10] Active: 1, Completed: 235, Task: 236, isShutdown: false, isTerminated: false
INFO Monitor org.open.pagehealth.TasksMonitorThread - [monitor] [1/10] Active: 1, Completed: 235, Task: 236, isShutdown: false, isTerminated: false
INFO Monitor org.open.pagehealth.TasksMonitorThread - [monitor] [1/10] Active: 1, Completed: 235, Task: 236, isShutdown: false, isTerminated: false
INFO Monitor org.open.pagehealth.TasksMonitorThread - [monitor] [1/10] Active: 1, Completed: 235, Task: 236, isShutdown: false, isTerminated: false
INFO Monitor org.open.pagehealth.TasksMonitorThread - [monitor] [1/10] Active: 1, Completed: 235, Task: 236, isShutdown: false, isTerminated: false
INFO Monitor org.open.pagehealth.TasksMonitorThread - [monitor] [1/10] Active: 1, Completed: 235, Task: 236, isShutdown: false, isTerminated: false
INFO Monitor org.open.pagehealth.TasksMonitorThread - [monitor] [1/10] Active: 1, Completed: 235, Task: 236, isShutdown: false, isTerminated: false
INFO Monitor org.open.pagehealth.TasksMonitorThread - [monitor] [1/10] Active: 1, Completed: 235, Task: 236, isShutdown: false, isTerminated: false
INFO Monitor org.open.pagehealth.TasksMonitorThread - [monitor] [1/10] Active: 1, Completed: 235, Task: 236, isShutdown: false, isTerminated: false
INFO Monitor org.open.pagehealth.TasksMonitorThread - [monitor] [1/10] Active: 1, Completed: 235, Task: 236, isShutdown: false, isTerminated: false
INFO main org.open.pagehealth.LinkChecker - Scanning page: http://www.ebay.com/
INFO main org.open.pagehealth.LinkChecker - Links: 236
INFO main org.open.pagehealth.LinkChecker - Page scan took 944 ms
INFO Monitor org.open.pagehealth.TasksMonitorThread - [monitor] [0/10] Active: 0, Completed: 0, Task: 1, isShutdown: false, isTerminated: false
INFO main org.open.pagehealth.LinkChecker - Going to sleep until all tasks are complete
INFO Monitor org.open.pagehealth.TasksMonitorThread - [monitor] [10/10] Active: 10, Completed: 59, Task: 236, isShutdown: false, isTerminated: false
INFO Monitor org.open.pagehealth.TasksMonitorThread - [monitor] [10/10] Active: 10, Completed: 127, Task: 236, isShutdown: false, isTerminated: false
INFO pool-1-thread-10 org.apache.http.impl.client.DefaultHttpClient - I/O exception (java.net.SocketException) caught when processing request: Connection reset
INFO pool-1-thread-10 org.apache.http.impl.client.DefaultHttpClient - Retrying request
INFO Monitor org.open.pagehealth.TasksMonitorThread - [monitor] [10/10] Active: 10, Completed: 192, Task: 236, isShutdown: false, isTerminated: false
WARN pool-1-thread-8 org.apache.http.client.protocol.ResponseProcessCookies - Cookie rejected: "[version: 0][name: clasic][value: deleted][domain: http://anuncios.ebay.es][path: /][expiry: Wed May 19 16:26:37 PDT 2010]". Illegal domain attribute "http://anuncios.ebay.es". Domain of origin: "www.ebayanuncios.es"
INFO Monitor org.open.pagehealth.TasksMonitorThread - [monitor] [10/10] Active: 1, Completed: 235, Task: 236, isShutdown: false, isTerminated: false
INFO Monitor org.open.pagehealth.TasksMonitorThread - [monitor] [1/10] Active: 1, Completed: 235, Task: 236, isShutdown: false, isTerminated: false
INFO Monitor org.open.pagehealth.TasksMonitorThread - [monitor] [1/10] Active: 0, Completed: 236, Task: 236, isShutdown: false, isTerminated: false
INFO Monitor org.open.pagehealth.TasksMonitorThread - Call it done
INFO main org.open.pagehealth.LinkChecker - Got notified
INFO main org.open.pagehealth.LinkChecker - Stopped the pool: java.util.concurrent.ThreadPoolExecutor@51701bdc
WARN main org.open.pagehealth.LinkChecker - Broken pageLink: org.open.pagehealth.PageLink{_link='http://www.ebay.com/#mainContent', _caption='Skip to main content', _isGood=false, _responseStatus='HTTP/1.1 404 Not Found', _isVerified=true, _contentType='null', _contentLenght=0}
WARN main org.open.pagehealth.LinkChecker - Broken pageLink: org.open.pagehealth.PageLink{_link='', _caption='Hide eBay suggestions', _isGood=false, _responseStatus='Empty Link', _isVerified=true, _contentType='null', _contentLenght=0}
WARN main org.open.pagehealth.LinkChecker - Broken pageLink: org.open.pagehealth.PageLink{_link='', _caption='Start of layer', _isGood=false, _responseStatus='Empty Link', _isVerified=true, _contentType='null', _contentLenght=0}
WARN main org.open.pagehealth.LinkChecker - Broken pageLink: org.open.pagehealth.PageLink{_link='', _caption='Click to close', _isGood=false, _responseStatus='Empty Link', _isVerified=true, _contentType='null', _contentLenght=0}
WARN main org.open.pagehealth.LinkChecker - Broken pageLink: org.open.pagehealth.PageLink{_link='', _caption='End of layer', _isGood=false, _responseStatus='Empty Link', _isVerified=true, _contentType='null', _contentLenght=0}
INFO main org.open.pagehealth.LinkChecker - Result: 231/236, health: 97.881355%
INFO main org.open.pagehealth.LinkChecker - Total time 19011 ms
INFO main org.open.pagehealth.LinkChecker - Scanning page: http://www.ebay.com/
INFO main org.open.pagehealth.LinkChecker - Links: 236
INFO main org.open.pagehealth.LinkChecker - Page scan took 1760 ms
INFO Monitor org.open.pagehealth.TasksMonitorThread - [monitor] [0/10] Active: 0, Completed: 0, Task: 0, isShutdown: false, isTerminated: false
INFO main org.open.pagehealth.LinkChecker - Going to sleep until all tasks are complete
INFO Monitor org.open.pagehealth.TasksMonitorThread - [monitor] [10/10] Active: 10, Completed: 23, Task: 236, isShutdown: false, isTerminated: false
INFO Monitor org.open.pagehealth.TasksMonitorThread - [monitor] [10/10] Active: 10, Completed: 109, Task: 236, isShutdown: false, isTerminated: false
INFO Monitor org.open.pagehealth.TasksMonitorThread - [monitor] [10/10] Active: 10, Completed: 142, Task: 236, isShutdown: false, isTerminated: false
INFO Monitor org.open.pagehealth.TasksMonitorThread - [monitor] [10/10] Active: 7, Completed: 229, Task: 236, isShutdown: false, isTerminated: false
WARN pool-1-thread-4 org.apache.http.client.protocol.ResponseProcessCookies - Cookie rejected: "[version: 0][name: clasic][value: deleted][domain: http://anuncios.ebay.es][path: /][expiry: Wed May 19 16:33:47 PDT 2010]". Illegal domain attribute "http://anuncios.ebay.es". Domain of origin: "www.ebayanuncios.es"
INFO Monitor org.open.pagehealth.TasksMonitorThread - [monitor] [7/10] Active: 1, Completed: 235, Task: 236, isShutdown: false, isTerminated: false
INFO Monitor org.open.pagehealth.TasksMonitorThread - [monitor] [1/10] Active: 1, Completed: 235, Task: 236, isShutdown: false, isTerminated: false
INFO Monitor org.open.pagehealth.TasksMonitorThread - [monitor] [1/10] Active: 1, Completed: 235, Task: 236, isShutdown: false, isTerminated: false
INFO Monitor org.open.pagehealth.TasksMonitorThread - [monitor] [1/10] Active: 0, Completed: 236, Task: 236, isShutdown: false, isTerminated: false
INFO Monitor org.open.pagehealth.TasksMonitorThread - Call it done
INFO main org.open.pagehealth.LinkChecker - Got notified
INFO main org.open.pagehealth.LinkChecker - Stopped the pool: java.util.concurrent.ThreadPoolExecutor@337b4703
WARN main org.open.pagehealth.LinkChecker - Broken link: org.open.pagehealth.PageLink{_link='http://www.ebay.com/#mainContent', _caption='Skip to main content', _isGood=false, _responseStatus='HTTP/1.1 404 Not Found', _isVerified=true, _contentType='null', _contentLenght=0}
WARN main org.open.pagehealth.LinkChecker - Broken link: org.open.pagehealth.PageLink{_link='', _caption='Hide eBay suggestions', _isGood=false, _responseStatus='Empty Link', _isVerified=true, _contentType='null', _contentLenght=0}
WARN main org.open.pagehealth.LinkChecker - Broken link: org.open.pagehealth.PageLink{_link='', _caption='Start of layer', _isGood=false, _responseStatus='Empty Link', _isVerified=true, _contentType='null', _contentLenght=0}
WARN main org.open.pagehealth.LinkChecker - Broken link: org.open.pagehealth.PageLink{_link='', _caption='Click to close', _isGood=false, _responseStatus='Empty Link', _isVerified=true, _contentType='null', _contentLenght=0}
WARN main org.open.pagehealth.LinkChecker - Broken link: org.open.pagehealth.PageLink{_link='', _caption='End of layer', _isGood=false, _responseStatus='Empty Link', _isVerified=true, _contentType='null', _contentLenght=0}
INFO main org.open.pagehealth.LinkChecker - Result: 231/236, health: 97.881355%
INFO main org.open.pagehealth.LinkChecker - Total time 25875 ms
INFO main org.open.pagehealth.LinkChecker - Scanning page: http://www.ebay.com/
INFO main org.open.pagehealth.LinkChecker - Links: 236
INFO main org.open.pagehealth.LinkChecker - Page scan took 1095 ms
INFO Monitor org.open.pagehealth.TasksMonitorThread - [monitor] [0/10] Active: 0, Completed: 0, Task: 0, isShutdown: false, isTerminated: false
INFO main org.open.pagehealth.LinkChecker - Going to sleep until all tasks are complete
INFO Monitor org.open.pagehealth.TasksMonitorThread - [monitor] [10/10] Active: 10, Completed: 68, Task: 236, isShutdown: false, isTerminated: false
INFO Monitor org.open.pagehealth.TasksMonitorThread - [monitor] [10/10] Active: 10, Completed: 127, Task: 236, isShutdown: false, isTerminated: false
INFO Monitor org.open.pagehealth.TasksMonitorThread - [monitor] [10/10] Active: 10, Completed: 179, Task: 236, isShutdown: false, isTerminated: false
WARN pool-1-thread-7 org.apache.http.client.protocol.ResponseProcessCookies - Cookie rejected: "[version: 0][name: clasic][value: deleted][domain: http://anuncios.ebay.es][path: /][expiry: Wed May 19 16:40:51 PDT 2010]". Illegal domain attribute "http://anuncios.ebay.es". Domain of origin: "www.ebayanuncios.es"
INFO Monitor org.open.pagehealth.TasksMonitorThread - [monitor] [10/10] Active: 3, Completed: 233, Task: 236, isShutdown: false, isTerminated: false
INFO Monitor org.open.pagehealth.TasksMonitorThread - [monitor] [3/10] Active: 2, Completed: 234, Task: 236, isShutdown: false, isTerminated: false
INFO Monitor org.open.pagehealth.TasksMonitorThread - [monitor] [2/10] Active: 2, Completed: 234, Task: 236, isShutdown: false, isTerminated: false
INFO Monitor org.open.pagehealth.TasksMonitorThread - [monitor] [2/10] Active: 2, Completed: 234, Task: 236, isShutdown: false, isTerminated: false
INFO Monitor org.open.pagehealth.TasksMonitorThread - [monitor] [2/10] Active: 0, Completed: 236, Task: 236, isShutdown: false, isTerminated: false
INFO Monitor org.open.pagehealth.TasksMonitorThread - Call it done
INFO main org.open.pagehealth.LinkChecker - Got notified
INFO main org.open.pagehealth.LinkChecker - Stopped the pool: java.util.concurrent.ThreadPoolExecutor@47570945
WARN main org.open.pagehealth.LinkChecker - Broken link: org.open.pagehealth.PageLink{_link='http://www.ebay.com/#mainContent', _caption='Skip to main content', _isGood=false, _responseStatus='HTTP/1.1 404 Not Found', _isVerified=true, _contentType='null', _contentLenght=0}
WARN main org.open.pagehealth.LinkChecker - Broken link: org.open.pagehealth.PageLink{_link='', _caption='Hide eBay suggestions', _isGood=false, _responseStatus='Empty Link', _isVerified=true, _contentType='null', _contentLenght=0}
WARN main org.open.pagehealth.LinkChecker - Broken link: org.open.pagehealth.PageLink{_link='', _caption='Start of layer', _isGood=false, _responseStatus='Empty Link', _isVerified=true, _contentType='null', _contentLenght=0}
WARN main org.open.pagehealth.LinkChecker - Broken link: org.open.pagehealth.PageLink{_link='', _caption='Click to close', _isGood=false, _responseStatus='Empty Link', _isVerified=true, _contentType='null', _contentLenght=0}
WARN main org.open.pagehealth.LinkChecker - Broken link: org.open.pagehealth.PageLink{_link='', _caption='End of layer', _isGood=false, _responseStatus='Empty Link', _isVerified=true, _contentType='null', _contentLenght=0}
INFO main org.open.pagehealth.LinkChecker - Result: 231/236, health: 97.881355%
INFO main org.open.pagehealth.LinkChecker - Total time 25119 ms
